<?xml version="1.0" encoding="UTF-8"?>
<coverage generated="1529637694367" clover="3.2.0">
  <project timestamp="1529637694368" name="All files">
    <metrics statements="39" coveredstatements="39" conditionals="10" coveredconditionals="9" methods="15" coveredmethods="15" elements="64" coveredelements="63" complexity="0" loc="39" ncloc="39" packages="1" files="3" classes="3">
      <file name="adie.js" path="D:\nodeProjects\dnd-character-creation\src\models\adie.js">
        <metrics statements="10" coveredstatements="10" conditionals="2" coveredconditionals="2" methods="4" coveredmethods="4"/>
        <line num="1" count="2" type="stmt"/>
        <line num="22" count="105" type="cond" truecount="2" falsecount="0"/>
        <line num="23" count="103" type="stmt"/>
        <line num="26" count="2" type="stmt"/>
        <line num="28" count="105" type="stmt"/>
        <line num="37" count="3" type="stmt"/>
        <line num="47" count="51" type="stmt"/>
        <line num="48" count="51" type="stmt"/>
        <line num="57" count="100" type="stmt"/>
        <line num="61" count="2" type="stmt"/>
      </file>
      <file name="diceRoller.js" path="D:\nodeProjects\dnd-character-creation\src\models\diceRoller.js">
        <metrics statements="23" coveredstatements="23" conditionals="8" coveredconditionals="7" methods="7" coveredmethods="7"/>
        <line num="1" count="1" type="stmt"/>
        <line num="21" count="3" type="cond" truecount="2" falsecount="0"/>
        <line num="22" count="2" type="stmt"/>
        <line num="25" count="1" type="stmt"/>
        <line num="27" count="3" type="cond" truecount="2" falsecount="0"/>
        <line num="28" count="2" type="stmt"/>
        <line num="31" count="1" type="stmt"/>
        <line num="33" count="3" type="stmt"/>
        <line num="34" count="3" type="stmt"/>
        <line num="35" count="3" type="stmt"/>
        <line num="36" count="3" type="stmt"/>
        <line num="43" count="3" type="stmt"/>
        <line num="44" count="101" type="stmt"/>
        <line num="54" count="1" type="stmt"/>
        <line num="55" count="1" type="cond" truecount="3" falsecount="1"/>
        <line num="56" count="1" type="stmt"/>
        <line num="57" count="50" type="stmt"/>
        <line num="58" count="50" type="stmt"/>
        <line num="59" count="50" type="stmt"/>
        <line num="68" count="2" type="stmt"/>
        <line num="80" count="1" type="stmt"/>
        <line num="87" count="2" type="stmt"/>
        <line num="92" count="1" type="stmt"/>
      </file>
      <file name="dndClasses.js" path="D:\nodeProjects\dnd-character-creation\src\models\dndClasses.js">
        <metrics statements="6" coveredstatements="6" conditionals="0" coveredconditionals="0" methods="4" coveredmethods="4"/>
        <line num="11" count="1" type="stmt"/>
        <line num="20" count="1" type="stmt"/>
        <line num="34" count="2" type="stmt"/>
        <line num="41" count="1" type="stmt"/>
        <line num="48" count="1" type="stmt"/>
        <line num="53" count="1" type="stmt"/>
      </file>
    </metrics>
  </project>
</coverage>
