{"D:\\nodeProjects\\dnd-character-creation\\src\\models\\adie.js": {"path":"D:\\nodeProjects\\dnd-character-creation\\src\\models\\adie.js","statementMap":{"0":{"start":{"line":1,"column":10},"end":{"line":1,"column":31}},"1":{"start":{"line":22,"column":4},"end":{"line":27,"column":5}},"2":{"start":{"line":23,"column":6},"end":{"line":23,"column":23}},"3":{"start":{"line":26,"column":6},"end":{"line":26,"column":18}},"4":{"start":{"line":28,"column":4},"end":{"line":28,"column":18}},"5":{"start":{"line":37,"column":4},"end":{"line":37,"column":21}},"6":{"start":{"line":47,"column":6},"end":{"line":47,"column":41}},"7":{"start":{"line":48,"column":6},"end":{"line":48,"column":23}},"8":{"start":{"line":57,"column":4},"end":{"line":57,"column":21}},"9":{"start":{"line":61,"column":0},"end":{"line":61,"column":20}}},"fnMap":{"0":{"name":"(anonymous_0)","decl":{"start":{"line":21,"column":2},"end":{"line":21,"column":3}},"loc":{"start":{"line":21,"column":20},"end":{"line":29,"column":3}},"line":21},"1":{"name":"(anonymous_1)","decl":{"start":{"line":36,"column":2},"end":{"line":36,"column":3}},"loc":{"start":{"line":36,"column":11},"end":{"line":38,"column":3}},"line":36},"2":{"name":"(anonymous_2)","decl":{"start":{"line":45,"column":2},"end":{"line":45,"column":3}},"loc":{"start":{"line":45,"column":9},"end":{"line":51,"column":3}},"line":45},"3":{"name":"(anonymous_3)","decl":{"start":{"line":56,"column":2},"end":{"line":56,"column":3}},"loc":{"start":{"line":56,"column":11},"end":{"line":58,"column":3}},"line":56}},"branchMap":{"0":{"loc":{"start":{"line":22,"column":4},"end":{"line":27,"column":5}},"type":"if","locations":[{"start":{"line":22,"column":4},"end":{"line":27,"column":5}},{"start":{"line":22,"column":4},"end":{"line":27,"column":5}}],"line":22}},"s":{"0":2,"1":105,"2":103,"3":2,"4":105,"5":3,"6":51,"7":51,"8":100,"9":2},"f":{"0":105,"1":3,"2":51,"3":100},"b":{"0":[103,2]},"_coverageSchema":"332fd63041d2c1bcb487cc26dd0d5f7d97098a6c","hash":"9fdcf0632132bbd74052229bd596574fa57b9b83"}
,"D:\\nodeProjects\\dnd-character-creation\\src\\models\\diceRoller.js": {"path":"D:\\nodeProjects\\dnd-character-creation\\src\\models\\diceRoller.js","statementMap":{"0":{"start":{"line":1,"column":12},"end":{"line":1,"column":34}},"1":{"start":{"line":21,"column":4},"end":{"line":26,"column":5}},"2":{"start":{"line":22,"column":6},"end":{"line":22,"column":25}},"3":{"start":{"line":25,"column":6},"end":{"line":25,"column":21}},"4":{"start":{"line":27,"column":4},"end":{"line":32,"column":5}},"5":{"start":{"line":28,"column":6},"end":{"line":28,"column":23}},"6":{"start":{"line":31,"column":6},"end":{"line":31,"column":20}},"7":{"start":{"line":33,"column":4},"end":{"line":33,"column":20}},"8":{"start":{"line":34,"column":4},"end":{"line":34,"column":19}},"9":{"start":{"line":35,"column":4},"end":{"line":35,"column":24}},"10":{"start":{"line":36,"column":4},"end":{"line":36,"column":17}},"11":{"start":{"line":43,"column":4},"end":{"line":45,"column":5}},"12":{"start":{"line":44,"column":6},"end":{"line":44,"column":46}},"13":{"start":{"line":54,"column":4},"end":{"line":54,"column":19}},"14":{"start":{"line":55,"column":4},"end":{"line":61,"column":5}},"15":{"start":{"line":56,"column":6},"end":{"line":60,"column":9}},"16":{"start":{"line":57,"column":8},"end":{"line":57,"column":19}},"17":{"start":{"line":58,"column":8},"end":{"line":58,"column":39}},"18":{"start":{"line":59,"column":8},"end":{"line":59,"column":36}},"19":{"start":{"line":68,"column":4},"end":{"line":73,"column":5}},"20":{"start":{"line":80,"column":4},"end":{"line":80,"column":22}},"21":{"start":{"line":87,"column":4},"end":{"line":87,"column":22}},"22":{"start":{"line":92,"column":0},"end":{"line":92,"column":32}}},"fnMap":{"0":{"name":"(anonymous_0)","decl":{"start":{"line":20,"column":2},"end":{"line":20,"column":3}},"loc":{"start":{"line":20,"column":27},"end":{"line":37,"column":3}},"line":20},"1":{"name":"(anonymous_1)","decl":{"start":{"line":42,"column":2},"end":{"line":42,"column":3}},"loc":{"start":{"line":42,"column":10},"end":{"line":46,"column":3}},"line":42},"2":{"name":"(anonymous_2)","decl":{"start":{"line":53,"column":2},"end":{"line":53,"column":3}},"loc":{"start":{"line":53,"column":13},"end":{"line":62,"column":3}},"line":53},"3":{"name":"(anonymous_3)","decl":{"start":{"line":56,"column":29},"end":{"line":56,"column":30}},"loc":{"start":{"line":56,"column":38},"end":{"line":60,"column":7}},"line":56},"4":{"name":"(anonymous_4)","decl":{"start":{"line":67,"column":2},"end":{"line":67,"column":3}},"loc":{"start":{"line":67,"column":12},"end":{"line":74,"column":3}},"line":67},"5":{"name":"(anonymous_5)","decl":{"start":{"line":79,"column":2},"end":{"line":79,"column":3}},"loc":{"start":{"line":79,"column":13},"end":{"line":81,"column":3}},"line":79},"6":{"name":"(anonymous_6)","decl":{"start":{"line":86,"column":2},"end":{"line":86,"column":3}},"loc":{"start":{"line":86,"column":13},"end":{"line":88,"column":3}},"line":86}},"branchMap":{"0":{"loc":{"start":{"line":21,"column":4},"end":{"line":26,"column":5}},"type":"if","locations":[{"start":{"line":21,"column":4},"end":{"line":26,"column":5}},{"start":{"line":21,"column":4},"end":{"line":26,"column":5}}],"line":21},"1":{"loc":{"start":{"line":27,"column":4},"end":{"line":32,"column":5}},"type":"if","locations":[{"start":{"line":27,"column":4},"end":{"line":32,"column":5}},{"start":{"line":27,"column":4},"end":{"line":32,"column":5}}],"line":27},"2":{"loc":{"start":{"line":55,"column":4},"end":{"line":61,"column":5}},"type":"if","locations":[{"start":{"line":55,"column":4},"end":{"line":61,"column":5}},{"start":{"line":55,"column":4},"end":{"line":61,"column":5}}],"line":55},"3":{"loc":{"start":{"line":55,"column":7},"end":{"line":55,"column":38}},"type":"binary-expr","locations":[{"start":{"line":55,"column":7},"end":{"line":55,"column":21}},{"start":{"line":55,"column":25},"end":{"line":55,"column":38}}],"line":55}},"s":{"0":1,"1":3,"2":2,"3":1,"4":3,"5":2,"6":1,"7":3,"8":3,"9":3,"10":3,"11":3,"12":101,"13":1,"14":1,"15":1,"16":50,"17":50,"18":50,"19":2,"20":1,"21":2,"22":1},"f":{"0":3,"1":3,"2":1,"3":50,"4":2,"5":1,"6":2},"b":{"0":[2,1],"1":[2,1],"2":[1,0],"3":[1,1]},"_coverageSchema":"332fd63041d2c1bcb487cc26dd0d5f7d97098a6c","hash":"9319462538b845ed950eba44057a552ad9dacf2c"}
,"D:\\nodeProjects\\dnd-character-creation\\src\\models\\dndClasses.js": {"path":"D:\\nodeProjects\\dnd-character-creation\\src\\models\\dndClasses.js","statementMap":{"0":{"start":{"line":11,"column":4},"end":{"line":18,"column":6}},"1":{"start":{"line":20,"column":4},"end":{"line":27,"column":6}},"2":{"start":{"line":34,"column":4},"end":{"line":34,"column":29}},"3":{"start":{"line":41,"column":4},"end":{"line":41,"column":37}},"4":{"start":{"line":48,"column":4},"end":{"line":48,"column":35}},"5":{"start":{"line":53,"column":0},"end":{"line":53,"column":32}}},"fnMap":{"0":{"name":"(anonymous_0)","decl":{"start":{"line":10,"column":2},"end":{"line":10,"column":3}},"loc":{"start":{"line":10,"column":15},"end":{"line":28,"column":3}},"line":10},"1":{"name":"(anonymous_1)","decl":{"start":{"line":30,"column":2},"end":{"line":30,"column":3}},"loc":{"start":{"line":30,"column":13},"end":{"line":35,"column":3}},"line":30},"2":{"name":"(anonymous_2)","decl":{"start":{"line":37,"column":2},"end":{"line":37,"column":3}},"loc":{"start":{"line":37,"column":20},"end":{"line":42,"column":3}},"line":37},"3":{"name":"(anonymous_3)","decl":{"start":{"line":44,"column":2},"end":{"line":44,"column":3}},"loc":{"start":{"line":44,"column":16},"end":{"line":49,"column":3}},"line":44}},"branchMap":{},"s":{"0":1,"1":1,"2":2,"3":1,"4":1,"5":1},"f":{"0":1,"1":2,"2":1,"3":1},"b":{},"_coverageSchema":"332fd63041d2c1bcb487cc26dd0d5f7d97098a6c","hash":"7edbf032016e8cde350f92a699c3feb04a2de3c0"}
}
