TN:
SF:D:\nodeProjects\dnd-character-creation\src\models\adie.js
FN:21,(anonymous_0)
FN:36,(anonymous_1)
FN:45,(anonymous_2)
FN:56,(anonymous_3)
FNF:4
FNH:4
FNDA:105,(anonymous_0)
FNDA:3,(anonymous_1)
FNDA:51,(anonymous_2)
FNDA:100,(anonymous_3)
DA:1,2
DA:22,105
DA:23,103
DA:26,2
DA:28,105
DA:37,3
DA:47,51
DA:48,51
DA:57,100
DA:61,2
LF:10
LH:10
BRDA:22,0,0,103
BRDA:22,0,1,2
BRF:2
BRH:2
end_of_record
TN:
SF:D:\nodeProjects\dnd-character-creation\src\models\diceRoller.js
FN:20,(anonymous_0)
FN:42,(anonymous_1)
FN:53,(anonymous_2)
FN:56,(anonymous_3)
FN:67,(anonymous_4)
FN:79,(anonymous_5)
FN:86,(anonymous_6)
FNF:7
FNH:7
FNDA:3,(anonymous_0)
FNDA:3,(anonymous_1)
FNDA:1,(anonymous_2)
FNDA:50,(anonymous_3)
FNDA:2,(anonymous_4)
FNDA:1,(anonymous_5)
FNDA:2,(anonymous_6)
DA:1,1
DA:21,3
DA:22,2
DA:25,1
DA:27,3
DA:28,2
DA:31,1
DA:33,3
DA:34,3
DA:35,3
DA:36,3
DA:43,3
DA:44,101
DA:54,1
DA:55,1
DA:56,1
DA:57,50
DA:58,50
DA:59,50
DA:68,2
DA:80,1
DA:87,2
DA:92,1
LF:23
LH:23
BRDA:21,0,0,2
BRDA:21,0,1,1
BRDA:27,1,0,2
BRDA:27,1,1,1
BRDA:55,2,0,1
BRDA:55,2,1,0
BRDA:55,3,0,1
BRDA:55,3,1,1
BRF:8
BRH:7
end_of_record
TN:
SF:D:\nodeProjects\dnd-character-creation\src\models\dndClasses.js
FN:10,(anonymous_0)
FN:30,(anonymous_1)
FN:37,(anonymous_2)
FN:44,(anonymous_3)
FNF:4
FNH:4
FNDA:1,(anonymous_0)
FNDA:2,(anonymous_1)
FNDA:1,(anonymous_2)
FNDA:1,(anonymous_3)
DA:11,1
DA:20,1
DA:34,2
DA:41,1
DA:48,1
DA:53,1
LF:6
LH:6
BRF:0
BRH:0
end_of_record
